mode: atomic
github.com/namnguyen/backend/usecase/user/create.go:16.60,18.48 2 1
github.com/namnguyen/backend/usecase/user/create.go:22.2,22.48 1 1
github.com/namnguyen/backend/usecase/user/create.go:26.2,26.12 1 1
github.com/namnguyen/backend/usecase/user/create.go:18.48,20.3 1 0
github.com/namnguyen/backend/usecase/user/create.go:22.48,24.3 1 0
github.com/namnguyen/backend/usecase/user/create.go:29.97,30.46 1 1
github.com/namnguyen/backend/usecase/user/create.go:34.2,40.16 3 1
github.com/namnguyen/backend/usecase/user/create.go:44.2,44.46 1 1
github.com/namnguyen/backend/usecase/user/create.go:30.46,32.3 1 0
github.com/namnguyen/backend/usecase/user/create.go:40.16,42.3 1 0
github.com/namnguyen/backend/usecase/user/get_all.go:9.78,11.16 2 0
github.com/namnguyen/backend/usecase/user/get_all.go:15.2,17.8 1 0
github.com/namnguyen/backend/usecase/user/get_all.go:11.16,13.3 1 0
github.com/namnguyen/backend/usecase/user/get_by_username.go:12.101,14.16 2 0
github.com/namnguyen/backend/usecase/user/get_by_username.go:22.2,22.46 1 0
github.com/namnguyen/backend/usecase/user/get_by_username.go:14.16,15.45 1 0
github.com/namnguyen/backend/usecase/user/get_by_username.go:19.3,19.39 1 0
github.com/namnguyen/backend/usecase/user/get_by_username.go:15.45,17.4 1 0
github.com/namnguyen/backend/usecase/user/usecase.go:12.48,16.2 1 0
